mode: set
github.com/mrokoo/goERP/internal/goods/product/infra/adapter.go:10.54,12.38 2 1
github.com/mrokoo/goERP/internal/goods/product/infra/adapter.go:12.38,14.3 1 1
github.com/mrokoo/goERP/internal/goods/product/infra/adapter.go:15.2,30.3 1 1
github.com/mrokoo/goERP/internal/goods/product/infra/adapter.go:33.55,35.38 2 1
github.com/mrokoo/goERP/internal/goods/product/infra/adapter.go:35.38,37.3 1 1
github.com/mrokoo/goERP/internal/goods/product/infra/adapter.go:38.2,53.3 1 1
github.com/mrokoo/goERP/internal/goods/product/infra/adapter.go:56.59,61.2 1 1
github.com/mrokoo/goERP/internal/goods/product/infra/adapter.go:63.56,68.2 1 1
github.com/mrokoo/goERP/internal/goods/product/infra/product_repository.go:16.59,20.2 1 1
github.com/mrokoo/goERP/internal/goods/product/infra/product_repository.go:22.65,25.37 3 1
github.com/mrokoo/goERP/internal/goods/product/infra/product_repository.go:25.37,27.3 1 0
github.com/mrokoo/goERP/internal/goods/product/infra/product_repository.go:28.2,29.22 2 1
github.com/mrokoo/goERP/internal/goods/product/infra/product_repository.go:29.22,31.3 1 1
github.com/mrokoo/goERP/internal/goods/product/infra/product_repository.go:32.2,32.22 1 1
github.com/mrokoo/goERP/internal/goods/product/infra/product_repository.go:35.80,40.37 3 0
github.com/mrokoo/goERP/internal/goods/product/infra/product_repository.go:40.37,42.3 1 0
github.com/mrokoo/goERP/internal/goods/product/infra/product_repository.go:43.2,43.32 1 0
github.com/mrokoo/goERP/internal/goods/product/infra/product_repository.go:46.65,50.2 3 1
github.com/mrokoo/goERP/internal/goods/product/infra/product_repository.go:52.68,56.2 3 0
github.com/mrokoo/goERP/internal/goods/product/infra/product_repository.go:58.60,63.2 2 0
github.com/mrokoo/goERP/internal/inventory/app/handler.go:17.79,21.2 1 0
github.com/mrokoo/goERP/internal/inventory/app/handler.go:23.58,25.16 2 0
github.com/mrokoo/goERP/internal/inventory/app/handler.go:25.16,31.3 2 0
github.com/mrokoo/goERP/internal/inventory/app/handler.go:32.2,35.4 1 0
github.com/mrokoo/goERP/internal/inventory/app/handler.go:38.61,40.16 2 0
github.com/mrokoo/goERP/internal/inventory/app/handler.go:40.16,46.3 2 0
github.com/mrokoo/goERP/internal/inventory/app/handler.go:47.2,50.4 1 0
github.com/mrokoo/goERP/internal/inventory/app/handler.go:53.56,64.49 3 0
github.com/mrokoo/goERP/internal/inventory/app/handler.go:64.49,70.3 2 0
github.com/mrokoo/goERP/internal/inventory/app/handler.go:72.2,73.33 2 0
github.com/mrokoo/goERP/internal/inventory/app/handler.go:73.33,76.3 2 0
github.com/mrokoo/goERP/internal/inventory/app/handler.go:78.2,80.16 3 0
github.com/mrokoo/goERP/internal/inventory/app/handler.go:80.16,86.3 2 0
github.com/mrokoo/goERP/internal/inventory/app/handler.go:87.2,90.4 1 0
github.com/mrokoo/goERP/internal/inventory/app/handler.go:93.63,95.16 2 0
github.com/mrokoo/goERP/internal/inventory/app/handler.go:95.16,101.3 2 0
github.com/mrokoo/goERP/internal/inventory/app/handler.go:102.2,105.4 1 0
github.com/mrokoo/goERP/internal/inventory/app/handler.go:108.58,110.16 2 0
github.com/mrokoo/goERP/internal/inventory/app/handler.go:110.16,116.3 2 0
github.com/mrokoo/goERP/internal/inventory/app/handler.go:117.2,120.4 1 0
github.com/mrokoo/goERP/internal/inventory/app/handler.go:123.54,134.49 3 0
github.com/mrokoo/goERP/internal/inventory/app/handler.go:134.49,140.3 2 0
github.com/mrokoo/goERP/internal/inventory/app/handler.go:142.2,143.33 2 0
github.com/mrokoo/goERP/internal/inventory/app/handler.go:143.33,148.3 1 0
github.com/mrokoo/goERP/internal/inventory/app/handler.go:150.2,151.16 2 0
github.com/mrokoo/goERP/internal/inventory/app/handler.go:151.16,157.3 2 0
github.com/mrokoo/goERP/internal/inventory/app/handler.go:158.2,161.4 1 0
github.com/mrokoo/goERP/internal/inventory/app/handler.go:164.59,166.16 2 0
github.com/mrokoo/goERP/internal/inventory/app/handler.go:166.16,172.3 2 0
github.com/mrokoo/goERP/internal/inventory/app/handler.go:173.2,176.4 1 0
github.com/mrokoo/goERP/internal/inventory/app/handler.go:179.55,192.49 3 0
github.com/mrokoo/goERP/internal/inventory/app/handler.go:192.49,198.3 2 0
github.com/mrokoo/goERP/internal/inventory/app/handler.go:200.2,201.33 2 0
github.com/mrokoo/goERP/internal/inventory/app/handler.go:201.33,206.3 1 0
github.com/mrokoo/goERP/internal/inventory/app/handler.go:208.2,209.16 2 0
github.com/mrokoo/goERP/internal/inventory/app/handler.go:209.16,215.3 2 0
github.com/mrokoo/goERP/internal/inventory/app/handler.go:216.2,219.4 1 0
github.com/mrokoo/goERP/internal/inventory/app/handler.go:222.67,224.16 2 0
github.com/mrokoo/goERP/internal/inventory/app/handler.go:224.16,230.3 2 0
github.com/mrokoo/goERP/internal/inventory/app/handler.go:231.2,234.4 1 0
github.com/mrokoo/goERP/internal/inventory/app/service.go:46.223,53.2 1 1
github.com/mrokoo/goERP/internal/inventory/app/service.go:56.67,58.16 2 1
github.com/mrokoo/goERP/internal/inventory/app/service.go:58.16,60.3 1 0
github.com/mrokoo/goERP/internal/inventory/app/service.go:61.2,61.18 1 1
github.com/mrokoo/goERP/internal/inventory/app/service.go:64.106,66.16 2 0
github.com/mrokoo/goERP/internal/inventory/app/service.go:66.16,68.3 1 0
github.com/mrokoo/goERP/internal/inventory/app/service.go:69.2,69.15 1 0
github.com/mrokoo/goERP/internal/inventory/app/service.go:73.121,77.2 3 0
github.com/mrokoo/goERP/internal/inventory/app/service.go:79.89,82.2 2 0
github.com/mrokoo/goERP/internal/inventory/app/service.go:85.67,88.16 3 0
github.com/mrokoo/goERP/internal/inventory/app/service.go:88.16,90.3 1 0
github.com/mrokoo/goERP/internal/inventory/app/service.go:91.2,91.43 1 0
github.com/mrokoo/goERP/internal/inventory/app/service.go:91.43,93.3 1 0
github.com/mrokoo/goERP/internal/inventory/app/service.go:94.2,94.49 1 0
github.com/mrokoo/goERP/internal/inventory/app/service.go:94.49,96.3 1 0
github.com/mrokoo/goERP/internal/inventory/app/service.go:97.2,97.12 1 0
github.com/mrokoo/goERP/internal/inventory/app/service.go:100.84,102.16 2 1
github.com/mrokoo/goERP/internal/inventory/app/service.go:102.16,104.3 1 0
github.com/mrokoo/goERP/internal/inventory/app/service.go:105.2,105.44 1 1
github.com/mrokoo/goERP/internal/inventory/app/service.go:105.44,107.3 1 0
github.com/mrokoo/goERP/internal/inventory/app/service.go:108.2,110.16 3 1
github.com/mrokoo/goERP/internal/inventory/app/service.go:111.38,113.13 2 1
github.com/mrokoo/goERP/internal/inventory/app/service.go:114.40,116.14 2 0
github.com/mrokoo/goERP/internal/inventory/app/service.go:117.26,119.13 2 0
github.com/mrokoo/goERP/internal/inventory/app/service.go:120.27,122.14 2 0
github.com/mrokoo/goERP/internal/inventory/app/service.go:124.2,124.34 1 1
github.com/mrokoo/goERP/internal/inventory/app/service.go:124.34,125.101 1 1
github.com/mrokoo/goERP/internal/inventory/app/service.go:125.101,127.4 1 0
github.com/mrokoo/goERP/internal/inventory/app/service.go:130.2,130.49 1 1
github.com/mrokoo/goERP/internal/inventory/app/service.go:130.49,132.3 1 0
github.com/mrokoo/goERP/internal/inventory/app/service.go:133.2,133.12 1 1
github.com/mrokoo/goERP/internal/inventory/app/service.go:136.129,139.2 2 0
github.com/mrokoo/goERP/internal/inventory/app/service.go:141.95,144.2 2 0
github.com/mrokoo/goERP/internal/inventory/app/service.go:146.86,148.16 2 0
github.com/mrokoo/goERP/internal/inventory/app/service.go:148.16,150.3 1 0
github.com/mrokoo/goERP/internal/inventory/app/service.go:151.2,151.53 1 0
github.com/mrokoo/goERP/internal/inventory/app/service.go:151.53,153.3 1 0
github.com/mrokoo/goERP/internal/inventory/app/service.go:154.2,156.16 3 0
github.com/mrokoo/goERP/internal/inventory/app/service.go:157.38,159.14 2 0
github.com/mrokoo/goERP/internal/inventory/app/service.go:160.40,162.13 2 0
github.com/mrokoo/goERP/internal/inventory/app/service.go:163.26,165.14 2 0
github.com/mrokoo/goERP/internal/inventory/app/service.go:166.27,168.13 2 0
github.com/mrokoo/goERP/internal/inventory/app/service.go:170.2,170.30 1 0
github.com/mrokoo/goERP/internal/inventory/app/service.go:170.30,171.23 1 0
github.com/mrokoo/goERP/internal/inventory/app/service.go:171.23,172.31 1 0
github.com/mrokoo/goERP/internal/inventory/app/service.go:172.31,173.103 1 0
github.com/mrokoo/goERP/internal/inventory/app/service.go:173.103,175.6 1 0
github.com/mrokoo/goERP/internal/inventory/app/service.go:180.2,180.49 1 0
github.com/mrokoo/goERP/internal/inventory/app/service.go:180.49,182.3 1 0
github.com/mrokoo/goERP/internal/inventory/app/service.go:183.2,183.12 1 0
github.com/mrokoo/goERP/internal/inventory/app/service.go:187.82,189.16 2 0
github.com/mrokoo/goERP/internal/inventory/app/service.go:189.16,191.3 1 0
github.com/mrokoo/goERP/internal/inventory/app/service.go:192.2,192.18 1 0
github.com/mrokoo/goERP/internal/inventory/app/service.go:195.140,197.16 2 1
github.com/mrokoo/goERP/internal/inventory/app/service.go:197.16,198.36 1 0
github.com/mrokoo/goERP/internal/inventory/app/service.go:198.36,200.4 1 0
github.com/mrokoo/goERP/internal/inventory/app/service.go:200.9,202.4 1 0
github.com/mrokoo/goERP/internal/inventory/app/service.go:204.2,205.59 2 1
github.com/mrokoo/goERP/internal/inventory/app/service.go:205.59,207.3 1 0
github.com/mrokoo/goERP/internal/inventory/app/service.go:208.2,208.12 1 1
github.com/mrokoo/goERP/internal/inventory/app/service.go:211.109,213.16 2 1
github.com/mrokoo/goERP/internal/inventory/app/service.go:213.16,215.3 1 0
github.com/mrokoo/goERP/internal/inventory/app/service.go:216.2,216.23 1 1
github.com/mrokoo/goERP/internal/inventory/app/service.go:220.70,222.16 2 0
github.com/mrokoo/goERP/internal/inventory/app/service.go:222.16,224.3 1 0
github.com/mrokoo/goERP/internal/inventory/app/service.go:225.2,225.18 1 0
github.com/mrokoo/goERP/internal/inventory/app/service.go:228.107,231.29 3 0
github.com/mrokoo/goERP/internal/inventory/app/service.go:231.29,233.3 1 0
github.com/mrokoo/goERP/internal/inventory/app/service.go:234.2,234.91 1 0
github.com/mrokoo/goERP/internal/inventory/app/service.go:234.91,236.3 1 0
github.com/mrokoo/goERP/internal/inventory/app/service.go:237.2,237.93 1 0
github.com/mrokoo/goERP/internal/inventory/app/service.go:237.93,239.3 1 0
github.com/mrokoo/goERP/internal/inventory/app/service.go:240.2,240.50 1 0
github.com/mrokoo/goERP/internal/inventory/app/service.go:240.50,242.3 1 0
github.com/mrokoo/goERP/internal/inventory/app/service.go:243.2,243.12 1 0
github.com/mrokoo/goERP/internal/inventory/app/service.go:247.67,249.16 2 0
github.com/mrokoo/goERP/internal/inventory/app/service.go:249.16,251.3 1 0
github.com/mrokoo/goERP/internal/inventory/app/service.go:252.2,252.18 1 0
github.com/mrokoo/goERP/internal/inventory/app/service.go:255.95,257.31 2 0
github.com/mrokoo/goERP/internal/inventory/app/service.go:257.31,258.119 1 0
github.com/mrokoo/goERP/internal/inventory/app/service.go:258.119,260.4 1 0
github.com/mrokoo/goERP/internal/inventory/app/service.go:262.2,262.50 1 0
github.com/mrokoo/goERP/internal/inventory/app/service.go:262.50,264.3 1 0
github.com/mrokoo/goERP/internal/inventory/app/service.go:265.2,265.12 1 0
github.com/mrokoo/goERP/internal/purchase/app/handler.go:15.75,19.2 1 0
github.com/mrokoo/goERP/internal/purchase/app/handler.go:21.66,23.16 2 0
github.com/mrokoo/goERP/internal/purchase/app/handler.go:23.16,29.3 2 0
github.com/mrokoo/goERP/internal/purchase/app/handler.go:30.2,33.4 1 0
github.com/mrokoo/goERP/internal/purchase/app/handler.go:36.62,50.49 2 0
github.com/mrokoo/goERP/internal/purchase/app/handler.go:50.49,56.3 2 0
github.com/mrokoo/goERP/internal/purchase/app/handler.go:58.2,60.16 3 0
github.com/mrokoo/goERP/internal/purchase/app/handler.go:60.16,66.3 2 0
github.com/mrokoo/goERP/internal/purchase/app/handler.go:67.2,70.4 1 0
github.com/mrokoo/goERP/internal/purchase/app/handler.go:73.69,76.16 3 0
github.com/mrokoo/goERP/internal/purchase/app/handler.go:76.16,82.3 2 0
github.com/mrokoo/goERP/internal/purchase/app/handler.go:83.2,86.4 1 0
github.com/mrokoo/goERP/internal/purchase/app/handler.go:89.68,103.49 2 0
github.com/mrokoo/goERP/internal/purchase/app/handler.go:103.49,109.3 2 0
github.com/mrokoo/goERP/internal/purchase/app/handler.go:111.2,113.16 3 0
github.com/mrokoo/goERP/internal/purchase/app/handler.go:113.16,119.3 2 0
github.com/mrokoo/goERP/internal/purchase/app/handler.go:120.2,123.4 1 0
github.com/mrokoo/goERP/internal/purchase/app/handler.go:126.75,129.16 3 0
github.com/mrokoo/goERP/internal/purchase/app/handler.go:129.16,135.3 2 0
github.com/mrokoo/goERP/internal/purchase/app/handler.go:136.2,139.4 1 0
github.com/mrokoo/goERP/internal/purchase/app/service.go:22.143,27.2 1 1
github.com/mrokoo/goERP/internal/purchase/app/service.go:29.87,31.2 1 1
github.com/mrokoo/goERP/internal/purchase/app/service.go:33.91,34.62 1 1
github.com/mrokoo/goERP/internal/purchase/app/service.go:34.62,36.3 1 1
github.com/mrokoo/goERP/internal/purchase/app/service.go:37.2,39.31 3 0
github.com/mrokoo/goERP/internal/purchase/app/service.go:39.31,42.3 2 0
github.com/mrokoo/goERP/internal/purchase/app/service.go:43.2,43.104 1 0
github.com/mrokoo/goERP/internal/purchase/app/service.go:43.104,45.3 1 0
github.com/mrokoo/goERP/internal/purchase/app/service.go:46.2,46.12 1 0
github.com/mrokoo/goERP/internal/purchase/app/service.go:49.95,50.60 1 0
github.com/mrokoo/goERP/internal/purchase/app/service.go:50.60,52.3 1 0
github.com/mrokoo/goERP/internal/purchase/app/service.go:53.2,55.31 3 0
github.com/mrokoo/goERP/internal/purchase/app/service.go:55.31,58.3 2 0
github.com/mrokoo/goERP/internal/purchase/app/service.go:59.2,59.105 1 0
github.com/mrokoo/goERP/internal/purchase/app/service.go:59.105,61.3 1 0
github.com/mrokoo/goERP/internal/purchase/app/service.go:62.2,62.12 1 0
github.com/mrokoo/goERP/internal/purchase/app/service.go:65.85,67.16 2 1
github.com/mrokoo/goERP/internal/purchase/app/service.go:67.16,69.3 1 0
github.com/mrokoo/goERP/internal/purchase/app/service.go:70.2,70.68 1 1
github.com/mrokoo/goERP/internal/purchase/app/service.go:70.68,72.3 1 0
github.com/mrokoo/goERP/internal/purchase/app/service.go:73.2,73.71 1 1
github.com/mrokoo/goERP/internal/purchase/app/service.go:73.71,75.3 1 0
github.com/mrokoo/goERP/internal/purchase/app/service.go:76.2,76.12 1 1
github.com/mrokoo/goERP/internal/purchase/app/service.go:79.91,81.16 2 0
github.com/mrokoo/goERP/internal/purchase/app/service.go:81.16,83.3 1 0
github.com/mrokoo/goERP/internal/purchase/app/service.go:84.2,84.68 1 0
github.com/mrokoo/goERP/internal/purchase/app/service.go:84.68,86.3 1 0
github.com/mrokoo/goERP/internal/purchase/app/service.go:87.2,87.71 1 0
github.com/mrokoo/goERP/internal/purchase/app/service.go:87.71,89.3 1 0
github.com/mrokoo/goERP/internal/purchase/app/service.go:90.2,90.12 1 0
github.com/mrokoo/goERP/internal/model/migrate.go:5.37,8.52 1 1
github.com/mrokoo/goERP/internal/model/migrate.go:8.52,10.3 1 0
github.com/mrokoo/goERP/internal/model/migrate.go:11.2,11.48 1 1
github.com/mrokoo/goERP/internal/model/migrate.go:11.48,13.3 1 0
github.com/mrokoo/goERP/internal/model/migrate.go:14.2,14.56 1 1
github.com/mrokoo/goERP/internal/model/migrate.go:14.56,16.3 1 0
github.com/mrokoo/goERP/internal/model/migrate.go:17.2,17.51 1 1
github.com/mrokoo/goERP/internal/model/migrate.go:17.51,19.3 1 0
github.com/mrokoo/goERP/internal/model/migrate.go:22.2,22.53 1 1
github.com/mrokoo/goERP/internal/model/migrate.go:22.53,24.3 1 0
github.com/mrokoo/goERP/internal/model/migrate.go:25.2,25.52 1 1
github.com/mrokoo/goERP/internal/model/migrate.go:25.52,27.3 1 0
github.com/mrokoo/goERP/internal/model/migrate.go:28.2,28.52 1 1
github.com/mrokoo/goERP/internal/model/migrate.go:28.52,30.3 1 0
github.com/mrokoo/goERP/internal/model/migrate.go:31.2,31.50 1 1
github.com/mrokoo/goERP/internal/model/migrate.go:31.50,33.3 1 0
github.com/mrokoo/goERP/internal/model/migrate.go:34.2,34.51 1 1
github.com/mrokoo/goERP/internal/model/migrate.go:34.51,36.3 1 0
github.com/mrokoo/goERP/internal/model/migrate.go:39.2,39.48 1 1
github.com/mrokoo/goERP/internal/model/migrate.go:39.48,41.3 1 0
github.com/mrokoo/goERP/internal/model/migrate.go:44.2,44.57 1 1
github.com/mrokoo/goERP/internal/model/migrate.go:44.57,46.3 1 0
github.com/mrokoo/goERP/internal/model/migrate.go:47.2,47.48 1 1
github.com/mrokoo/goERP/internal/model/migrate.go:47.48,49.3 1 0
github.com/mrokoo/goERP/internal/model/migrate.go:50.2,50.52 1 1
github.com/mrokoo/goERP/internal/model/migrate.go:50.52,52.3 1 0
github.com/mrokoo/goERP/internal/model/migrate.go:53.2,53.54 1 1
github.com/mrokoo/goERP/internal/model/migrate.go:53.54,55.3 1 0
github.com/mrokoo/goERP/internal/model/migrate.go:56.2,56.58 1 1
github.com/mrokoo/goERP/internal/model/migrate.go:56.58,58.3 1 0
github.com/mrokoo/goERP/internal/model/migrate.go:59.2,59.49 1 1
github.com/mrokoo/goERP/internal/model/migrate.go:59.49,61.3 1 0
github.com/mrokoo/goERP/internal/model/migrate.go:62.2,62.53 1 1
github.com/mrokoo/goERP/internal/model/migrate.go:62.53,64.3 1 0
github.com/mrokoo/goERP/internal/model/migrate.go:65.2,65.48 1 1
github.com/mrokoo/goERP/internal/model/migrate.go:65.48,67.3 1 0
github.com/mrokoo/goERP/internal/model/migrate.go:68.2,68.52 1 1
github.com/mrokoo/goERP/internal/model/migrate.go:68.52,70.3 1 0
github.com/mrokoo/goERP/internal/model/migrate.go:73.2,73.53 1 1
github.com/mrokoo/goERP/internal/model/migrate.go:73.53,75.3 1 0
github.com/mrokoo/goERP/internal/model/migrate.go:76.2,76.57 1 1
github.com/mrokoo/goERP/internal/model/migrate.go:76.57,78.3 1 0
github.com/mrokoo/goERP/internal/model/migrate.go:81.2,81.57 1 1
github.com/mrokoo/goERP/internal/model/migrate.go:81.57,83.3 1 0
github.com/mrokoo/goERP/internal/model/migrate.go:84.2,84.61 1 1
github.com/mrokoo/goERP/internal/model/migrate.go:84.61,86.3 1 0
github.com/mrokoo/goERP/internal/model/migrate.go:88.2,88.12 1 1
github.com/mrokoo/goERP/internal/system/user/infra/adapter.go:8.45,17.2 1 0
github.com/mrokoo/goERP/internal/system/user/infra/adapter.go:19.46,28.2 1 0
github.com/mrokoo/goERP/internal/system/user/infra/user_repository.go:15.53,19.2 1 1
github.com/mrokoo/goERP/internal/system/user/infra/user_repository.go:21.59,24.37 3 0
github.com/mrokoo/goERP/internal/system/user/infra/user_repository.go:24.37,26.3 1 0
github.com/mrokoo/goERP/internal/system/user/infra/user_repository.go:27.2,28.22 2 0
github.com/mrokoo/goERP/internal/system/user/infra/user_repository.go:28.22,30.3 1 0
github.com/mrokoo/goERP/internal/system/user/infra/user_repository.go:31.2,31.19 1 0
github.com/mrokoo/goERP/internal/system/user/infra/user_repository.go:34.67,39.37 3 0
github.com/mrokoo/goERP/internal/system/user/infra/user_repository.go:39.37,41.3 1 0
github.com/mrokoo/goERP/internal/system/user/infra/user_repository.go:42.2,42.29 1 0
github.com/mrokoo/goERP/internal/system/user/infra/user_repository.go:45.56,49.2 3 0
github.com/mrokoo/goERP/internal/system/user/infra/user_repository.go:51.59,55.2 3 0
github.com/mrokoo/goERP/internal/system/user/infra/user_repository.go:57.50,62.2 2 0
github.com/mrokoo/goERP/internal/system/role/infra/mongodb/role_repository.go:20.64,25.16 2 1
github.com/mrokoo/goERP/internal/system/role/infra/mongodb/role_repository.go:25.16,26.13 1 0
github.com/mrokoo/goERP/internal/system/role/infra/mongodb/role_repository.go:28.2,29.16 2 1
github.com/mrokoo/goERP/internal/system/role/infra/mongodb/role_repository.go:29.16,30.13 1 0
github.com/mrokoo/goERP/internal/system/role/infra/mongodb/role_repository.go:32.2,35.3 1 1
github.com/mrokoo/goERP/internal/system/role/infra/mongodb/role_repository.go:38.57,39.36 1 1
github.com/mrokoo/goERP/internal/system/role/infra/mongodb/role_repository.go:39.36,45.17 3 1
github.com/mrokoo/goERP/internal/system/role/infra/mongodb/role_repository.go:45.17,47.4 1 0
github.com/mrokoo/goERP/internal/system/role/infra/mongodb/role_repository.go:49.2,49.12 1 1
github.com/mrokoo/goERP/internal/system/role/infra/mongodb/role_repository.go:52.59,54.16 2 1
github.com/mrokoo/goERP/internal/system/role/infra/mongodb/role_repository.go:54.16,56.3 1 0
github.com/mrokoo/goERP/internal/system/role/infra/mongodb/role_repository.go:57.2,58.44 2 1
github.com/mrokoo/goERP/internal/system/role/infra/mongodb/role_repository.go:58.44,61.3 2 0
github.com/mrokoo/goERP/internal/system/role/infra/mongodb/role_repository.go:62.2,62.37 1 1
github.com/mrokoo/goERP/internal/system/role/infra/mongodb/role_repository.go:62.37,65.3 2 0
github.com/mrokoo/goERP/internal/system/role/infra/mongodb/role_repository.go:66.2,67.12 2 1
github.com/mrokoo/goERP/internal/system/role/infra/mongodb/role_repository.go:70.53,72.16 2 1
github.com/mrokoo/goERP/internal/system/role/infra/mongodb/role_repository.go:72.16,74.3 1 0
github.com/mrokoo/goERP/internal/system/role/infra/mongodb/role_repository.go:75.2,75.12 1 1
github.com/mrokoo/goERP/internal/system/role/infra/mongodb/role_repository.go:78.73,85.2 3 1
github.com/mrokoo/goERP/internal/system/role/infra/mongodb/role_repository.go:87.62,90.32 3 1
github.com/mrokoo/goERP/internal/system/role/infra/mongodb/role_repository.go:90.32,92.17 2 1
github.com/mrokoo/goERP/internal/system/role/infra/mongodb/role_repository.go:92.17,94.4 1 0
github.com/mrokoo/goERP/internal/system/role/infra/mongodb/role_repository.go:95.3,95.34 1 1
github.com/mrokoo/goERP/internal/system/role/infra/mongodb/role_repository.go:98.2,98.21 1 1
github.com/mrokoo/goERP/internal/system/role/infra/mongodb/role_repository.go:101.51,103.22 2 1
github.com/mrokoo/goERP/internal/system/role/infra/mongodb/role_repository.go:103.22,105.3 1 1
github.com/mrokoo/goERP/internal/system/role/infra/mongodb/role_repository.go:106.2,106.27 1 1
github.com/mrokoo/goERP/internal/system/role/infra/mongodb/role_repository.go:109.44,112.24 3 1
github.com/mrokoo/goERP/internal/system/role/infra/mongodb/role_repository.go:112.24,115.24 3 1
github.com/mrokoo/goERP/internal/system/role/infra/mongodb/role_repository.go:115.24,117.4 1 1
github.com/mrokoo/goERP/internal/system/role/infra/mongodb/role_repository.go:119.2,119.15 1 1
github.com/mrokoo/goERP/internal/system/role/infra/mongodb/role_repository.go:122.78,124.16 2 1
github.com/mrokoo/goERP/internal/system/role/infra/mongodb/role_repository.go:124.16,126.3 1 0
github.com/mrokoo/goERP/internal/system/role/infra/mongodb/role_repository.go:128.2,128.21 1 1
github.com/mrokoo/goERP/internal/system/role/infra/mongodb/role_repository.go:128.21,130.3 1 0
github.com/mrokoo/goERP/internal/system/role/infra/mongodb/role_repository.go:131.2,131.46 1 1
github.com/mrokoo/goERP/internal/system/role/infra/mongodb/role_repository.go:131.46,133.3 1 0
github.com/mrokoo/goERP/internal/system/role/infra/mongodb/role_repository.go:134.2,135.16 2 1
github.com/mrokoo/goERP/internal/system/role/infra/mongodb/role_repository.go:135.16,137.3 1 0
github.com/mrokoo/goERP/internal/system/role/infra/mongodb/role_repository.go:138.2,138.12 1 1
github.com/mrokoo/goERP/internal/system/role/infra/mongodb/role_repository.go:141.74,143.16 2 1
github.com/mrokoo/goERP/internal/system/role/infra/mongodb/role_repository.go:143.16,145.3 1 0
github.com/mrokoo/goERP/internal/system/role/infra/mongodb/role_repository.go:146.2,146.19 1 1
